f:\c++\filesearch\filesearch\debug\vc120.pdb
f:\c++\filesearch\filesearch\debug\main.obj
f:\c++\filesearch\filesearch\debug\moc_filesearch.obj
f:\c++\filesearch\filesearch\debug\qrc_filesearch.obj
f:\c++\filesearch\filesearch\debug\filesearch.obj
f:\c++\filesearch\filesearch\generatedfiles\debug\moc_filesearch.cpp
f:\c++\filesearch\filesearch\generatedfiles\ui_filesearch.h
f:\c++\filesearch\filesearch\generatedfiles\qrc_filesearch.cpp
f:\c++\filesearch\win32\debug\filesearch.ilk
f:\c++\filesearch\win32\debug\filesearch.exe
f:\c++\filesearch\win32\debug\filesearch.pdb
f:\c++\filesearch\filesearch\debug\filesearch.tlog\cl.command.1.tlog
f:\c++\filesearch\filesearch\debug\filesearch.tlog\cl.read.1.tlog
f:\c++\filesearch\filesearch\debug\filesearch.tlog\cl.write.1.tlog
f:\c++\filesearch\filesearch\debug\filesearch.tlog\custombuild.command.1.tlog
f:\c++\filesearch\filesearch\debug\filesearch.tlog\custombuild.read.1.tlog
f:\c++\filesearch\filesearch\debug\filesearch.tlog\custombuild.write.1.tlog
f:\c++\filesearch\filesearch\debug\filesearch.tlog\link.command.1.tlog
f:\c++\filesearch\filesearch\debug\filesearch.tlog\link.read.1.tlog
f:\c++\filesearch\filesearch\debug\filesearch.tlog\link.write.1.tlog
